# JRE version: OpenJDK Runtime Environment (21.0.2+13) (build 21.0.2+13-58)
# Java VM: OpenJDK 64-Bit Server VM (21.0.2+13-58, mixed mode, sharing, tiered, compressed oops, compressed class ptrs, g1 gc, windows-amd64)
GC Precious Log:
 CardTable entry size: 512
 Card Set container configuration: InlinePtr #cards 4 size 8 Array Of Cards #cards 16 size 48 Howl #buckets 8 coarsen threshold 3686 Howl Bitmap #cards 512 size 80 coarsen threshold 460 Card regions per heap region 1 cards per card region 4096
 CPUs: 12 total, 12 available
 Memory: 16309M
 Large Page Support: Disabled
 NUMA Support: Disabled
 Compressed Oops: Enabled (Zero based)
 Heap Region Size: 2M
 Heap Min Capacity: 8M
 Heap Initial Capacity: 256M
 Heap Max Capacity: 4078M
 Pre-touch: Disabled
 Parallel Workers: 10
 Concurrent Workers: 3
 Concurrent Refinement Workers: 10
 Periodic GC: Disabled
Heap:
 garbage-first heap   total 75776K, used 21105K [0x0000000701200000, 0x0000000800000000)
  region size 2048K, 7 young (14336K), 5 survivors (10240K)
 Metaspace       used 21129K, committed 21568K, reserved 1114112K
  class space    used 3073K, committed 3264K, reserved 1048576K
GC Heap History (10 events):
Event: 0.931 GC heap before
{Heap before GC invocations=0 (full 0):
 garbage-first heap   total 262144K, used 20480K [0x0000000701200000, 0x0000000800000000)
  region size 2048K, 11 young (22528K), 0 survivors (0K)
 Metaspace       used 4004K, committed 4160K, reserved 1114112K
  class space    used 406K, committed 448K, reserved 1048576K
}
Event: 0.935 GC heap after
{Heap after GC invocations=1 (full 0):
 garbage-first heap   total 262144K, used 2154K [0x0000000701200000, 0x0000000800000000)
  region size 2048K, 2 young (4096K), 2 survivors (4096K)
 Metaspace       used 4004K, committed 4160K, reserved 1114112K
  class space    used 406K, committed 448K, reserved 1048576K
}
Event: 1.995 GC heap before
{Heap before GC invocations=1 (full 0):
 garbage-first heap   total 262144K, used 43114K [0x0000000701200000, 0x0000000800000000)
  region size 2048K, 22 young (45056K), 2 survivors (4096K)
 Metaspace       used 11227K, committed 11584K, reserved 1114112K
  class space    used 1491K, committed 1664K, reserved 1048576K
}
Event: 2.010 GC heap after
{Heap after GC invocations=2 (full 0):
 garbage-first heap   total 262144K, used 10191K [0x0000000701200000, 0x0000000800000000)
  region size 2048K, 3 young (6144K), 3 survivors (6144K)
 Metaspace       used 11227K, committed 11584K, reserved 1114112K
  class space    used 1491K, committed 1664K, reserved 1048576K
}
Event: 35.080 GC heap before
{Heap before GC invocations=2 (full 0):
 garbage-first heap   total 262144K, used 79823K [0x0000000701200000, 0x0000000800000000)
  region size 2048K, 33 young (67584K), 3 survivors (6144K)
 Metaspace       used 19477K, committed 19840K, reserved 1114112K
  class space    used 2956K, committed 3136K, reserved 1048576K
}
Event: 35.090 GC heap after
{Heap after GC invocations=3 (full 0):
 garbage-first heap   total 262144K, used 18593K [0x0000000701200000, 0x0000000800000000)
  region size 2048K, 5 young (10240K), 5 survivors (10240K)
 Metaspace       used 19477K, committed 19840K, reserved 1114112K
  class space    used 2956K, committed 3136K, reserved 1048576K
}
Event: 47.066 GC heap before
{Heap before GC invocations=3 (full 0):
 garbage-first heap   total 262144K, used 164001K [0x0000000701200000, 0x0000000800000000)
  region size 2048K, 69 young (141312K), 5 survivors (10240K)
 Metaspace       used 20212K, committed 20608K, reserved 1114112K
  class space    used 2957K, committed 3136K, reserved 1048576K
}
Event: 47.072 GC heap after
{Heap after GC invocations=4 (full 0):
 garbage-first heap   total 262144K, used 18322K [0x0000000701200000, 0x0000000800000000)
  region size 2048K, 5 young (10240K), 5 survivors (10240K)
 Metaspace       used 20212K, committed 20608K, reserved 1114112K
  class space    used 2957K, committed 3136K, reserved 1048576K
}
Event: 55.027 GC heap before
{Heap before GC invocations=4 (full 0):
 garbage-first heap   total 262144K, used 104338K [0x0000000701200000, 0x0000000800000000)
  region size 2048K, 42 young (86016K), 5 survivors (10240K)
 Metaspace       used 21097K, committed 21504K, reserved 1114112K
  class space    used 3073K, committed 3264K, reserved 1048576K
}
Event: 55.034 GC heap after
{Heap after GC invocations=5 (full 0):
 garbage-first heap   total 262144K, used 19057K [0x0000000701200000, 0x0000000800000000)
  region size 2048K, 5 young (10240K), 5 survivors (10240K)
 Metaspace       used 21097K, committed 21504K, reserved 1114112K
  class space    used 3073K, committed 3264K, reserved 1048576K
}

