# JRE version: OpenJDK Runtime Environment (21.0.2+13) (build 21.0.2+13-58)
# Java VM: OpenJDK 64-Bit Server VM (21.0.2+13-58, mixed mode, sharing, tiered, compressed oops, compressed class ptrs, g1 gc, windows-amd64)
GC Precious Log:
 CardTable entry size: 512
 Card Set container configuration: InlinePtr #cards 4 size 8 Array Of Cards #cards 16 size 48 Howl #buckets 8 coarsen threshold 3686 Howl Bitmap #cards 512 size 80 coarsen threshold 460 Card regions per heap region 1 cards per card region 4096
 CPUs: 12 total, 12 available
 Memory: 16309M
 Large Page Support: Disabled
 NUMA Support: Disabled
 Compressed Oops: Enabled (Zero based)
 Heap Region Size: 2M
 Heap Min Capacity: 8M
 Heap Initial Capacity: 256M
 Heap Max Capacity: 4078M
 Pre-touch: Disabled
 Parallel Workers: 10
 Concurrent Workers: 3
 Concurrent Refinement Workers: 10
 Periodic GC: Disabled
Heap:
 garbage-first heap   total 81920K, used 24767K [0x0000000701200000, 0x0000000800000000)
  region size 2048K, 7 young (14336K), 3 survivors (6144K)
 Metaspace       used 21529K, committed 21952K, reserved 1114112K
  class space    used 3115K, committed 3328K, reserved 1048576K
GC Heap History (12 events):
Event: 1.117 GC heap before
{Heap before GC invocations=0 (full 0):
 garbage-first heap   total 262144K, used 22528K [0x0000000701200000, 0x0000000800000000)
  region size 2048K, 11 young (22528K), 0 survivors (0K)
 Metaspace       used 4073K, committed 4288K, reserved 1114112K
  class space    used 410K, committed 512K, reserved 1048576K
}
Event: 1.123 GC heap after
{Heap after GC invocations=1 (full 0):
 garbage-first heap   total 262144K, used 2421K [0x0000000701200000, 0x0000000800000000)
  region size 2048K, 2 young (4096K), 2 survivors (4096K)
 Metaspace       used 4073K, committed 4288K, reserved 1114112K
  class space    used 410K, committed 512K, reserved 1048576K
}
Event: 2.694 GC heap before
{Heap before GC invocations=1 (full 0):
 garbage-first heap   total 262144K, used 43381K [0x0000000701200000, 0x0000000800000000)
  region size 2048K, 22 young (45056K), 2 survivors (4096K)
 Metaspace       used 11280K, committed 11584K, reserved 1114112K
  class space    used 1500K, committed 1664K, reserved 1048576K
}
Event: 2.704 GC heap after
{Heap after GC invocations=2 (full 0):
 garbage-first heap   total 262144K, used 10546K [0x0000000701200000, 0x0000000800000000)
  region size 2048K, 3 young (6144K), 3 survivors (6144K)
 Metaspace       used 11280K, committed 11584K, reserved 1114112K
  class space    used 1500K, committed 1664K, reserved 1048576K
}
Event: 21.598 GC heap before
{Heap before GC invocations=2 (full 0):
 garbage-first heap   total 262144K, used 65842K [0x0000000701200000, 0x0000000800000000)
  region size 2048K, 28 young (57344K), 3 survivors (6144K)
 Metaspace       used 19842K, committed 20160K, reserved 1114112K
  class space    used 2989K, committed 3136K, reserved 1048576K
}
Event: 21.608 GC heap after
{Heap after GC invocations=3 (full 0):
 garbage-first heap   total 262144K, used 18287K [0x0000000701200000, 0x0000000800000000)
  region size 2048K, 2 young (4096K), 2 survivors (4096K)
 Metaspace       used 19842K, committed 20160K, reserved 1114112K
  class space    used 2989K, committed 3136K, reserved 1048576K
}
Event: 109.678 GC heap before
{Heap before GC invocations=3 (full 0):
 garbage-first heap   total 262144K, used 202607K [0x0000000701200000, 0x0000000800000000)
  region size 2048K, 76 young (155648K), 2 survivors (4096K)
 Metaspace       used 20648K, committed 21056K, reserved 1114112K
  class space    used 3007K, committed 3200K, reserved 1048576K
}
Event: 109.682 GC heap after
{Heap after GC invocations=4 (full 0):
 garbage-first heap   total 262144K, used 18478K [0x0000000701200000, 0x0000000800000000)
  region size 2048K, 2 young (4096K), 2 survivors (4096K)
 Metaspace       used 20648K, committed 21056K, reserved 1114112K
  class space    used 3007K, committed 3200K, reserved 1048576K
}
Event: 244.341 GC heap before
{Heap before GC invocations=4 (full 0):
 garbage-first heap   total 262144K, used 219182K [0x0000000701200000, 0x0000000800000000)
  region size 2048K, 76 young (155648K), 2 survivors (4096K)
 Metaspace       used 20784K, committed 21184K, reserved 1114112K
  class space    used 3007K, committed 3200K, reserved 1048576K
}
Event: 244.345 GC heap after
{Heap after GC invocations=5 (full 0):
 garbage-first heap   total 262144K, used 19048K [0x0000000701200000, 0x0000000800000000)
  region size 2048K, 3 young (6144K), 3 survivors (6144K)
 Metaspace       used 20784K, committed 21184K, reserved 1114112K
  class space    used 3007K, committed 3200K, reserved 1048576K
}
Event: 250.699 GC heap before
{Heap before GC invocations=5 (full 0):
 garbage-first heap   total 262144K, used 70248K [0x0000000701200000, 0x0000000800000000)
  region size 2048K, 21 young (43008K), 3 survivors (6144K)
 Metaspace       used 21113K, committed 21504K, reserved 1114112K
  class space    used 3044K, committed 3200K, reserved 1048576K
}
Event: 250.703 GC heap after
{Heap after GC invocations=6 (full 0):
 garbage-first heap   total 262144K, used 18623K [0x0000000701200000, 0x0000000800000000)
  region size 2048K, 3 young (6144K), 3 survivors (6144K)
 Metaspace       used 21113K, committed 21504K, reserved 1114112K
  class space    used 3044K, committed 3200K, reserved 1048576K
}

